Array
(
    [name] => test
    [phone] => 123
    [email] => test@gmail.com
    [message] => 132
)
Array
(
    [name] => test
    [phone] => 123
    [email] => test@gmail.com
    [message] => 132
)
Array
(
    [name] => test
    [phone] => 123
    [email] => test@gmail.com
    [message] => 132
)
Array
(
    [name] => test
    [phone] => 123
    [email] => test@gmail.com
    [message] => 132
)
Array
(
    [name] => test
    [phone] => 123
    [email] => test@gmail.com
    [message] => 132
)
Array
(
    [name] => test
    [phone] => 123
    [email] => test@gmail.com
    [message] => 132
)
Array
(
    [name] => test
    [phone] => 123
    [email] => test@gmail.com
    [message] => 132
)
Array
(
    [name] => 123
    [phone] => 123
    [email] => 123@gmail.com
    [message] => 123
)
Array
(
    [name] => 123
    [phone] => 123
    [email] => 123@gmail.com
    [message] => 123
)
Array
(
    [name] => 123
    [phone] => 123
    [email] => 123@gmail.com
    [message] => 123
)
Array
(
    [name] => 123
    [phone] => 123
    [email] => 123@gmail.com
    [message] => 123
)
Array
(
    [name] => 123
    [phone] => 123
    [email] => 123@gmail.com
    [message] => 123
)
Array
(
    [name] => 123
    [phone] => 123
    [email] => 123@gmail.com
    [message] => 123
)
Array
(
    [name] => 132
    [phone] => 123
    [email] => 123@gmail.com
    [message] => 123
)
Array
(
    [name] => 132
    [phone] => 1235156
    [email] => 123@gmail.com
    [message] => 134648
)
Array
(
    [name] => chu
    [phone] => test
    [email] => test@gmail.com
    [message] => 123
)
